2016-12-23 20:37:35 : read(path="/.Trash-1000/info/seoul_district (copy).mov.trashinfo", buf=0xe4000af0, size=4096, offset=0)
2016-12-23 20:37:39 : read(path="/.bash_history", buf=0xe4001ec0, size=8192, offset=0)
2016-12-23 20:37:39 : read(path="/.bash_logout", buf=0xec000dc0, size=4096, offset=0)
2016-12-23 20:37:39 : read(path="/.ICEauthority", buf=0xe8008bb0, size=12288, offset=0)
2016-12-23 20:37:39 : read(path="/.Xauthority", buf=0xe4001ec0, size=4096, offset=0)
2016-12-23 20:37:39 : read(path="/.dmrc", buf=0xe4001ec0, size=4096, offset=0)
2016-12-23 20:37:39 : read(path="/.profile", buf=0xe4001ec0, size=4096, offset=0)
2016-12-23 20:37:39 : read(path="/.bashrc", buf=0xe4001ec0, size=4096, offset=0)
2016-12-23 20:37:39 : read(path="/.xsession-errors", buf=0xec000dc0, size=4096, offset=0)
2016-12-23 20:37:39 : read(path="/.viminfo", buf=0xec000dc0, size=4096, offset=0)
2016-12-23 20:37:39 : read(path="/examples.desktop", buf=0xe8000990, size=12288, offset=0)
2016-12-23 20:37:39 : read(path="/sample.c", buf=0xec001140, size=4096, offset=0)
2016-12-23 20:37:45 : read(path="/Desktop/CCS UniFlash.desktop", buf=0xe8001e20, size=4096, offset=0)
2016-12-23 20:37:48 : read(path="/.bash_history", buf=0xe4001ec0, size=8192, offset=0)
2016-12-23 20:37:48 : read(path="/.bash_logout", buf=0xec001140, size=4096, offset=0)
2016-12-23 20:37:48 : read(path="/.ICEauthority", buf=0xe8009e60, size=12288, offset=0)
2016-12-23 20:37:48 : read(path="/.Xauthority", buf=0xe8009e60, size=4096, offset=0)
2016-12-23 20:37:48 : read(path="/.dmrc", buf=0xe8009e60, size=4096, offset=0)
2016-12-23 20:37:48 : read(path="/.profile", buf=0xe8009e60, size=4096, offset=0)
2016-12-23 20:37:48 : read(path="/.bashrc", buf=0xe8009e60, size=4096, offset=0)
2016-12-23 20:37:48 : read(path="/.xsession-errors", buf=0xe4001ec0, size=4096, offset=0)
2016-12-23 20:37:48 : read(path="/.viminfo", buf=0xe4001ec0, size=4096, offset=0)
2016-12-23 20:37:48 : read(path="/examples.desktop", buf=0xec001140, size=12288, offset=0)
2016-12-23 20:37:48 : read(path="/sample.c", buf=0xec001140, size=4096, offset=0)
2016-12-23 20:37:52 : read(path="/Videos/AdamGalinsky_2016X-1500k.mkv", buf=0xe4001ec0, size=16384, offset=0)
2016-12-23 20:37:55 : read(path="/Videos/movie/AdamGalinsky_2016X-1500k.mp4", buf=0xe8001e20, size=16384, offset=0)
2016-12-23 20:37:55 : read(path="/Videos/movie/AliciaGarzaandPatrisseCullorsandOpalTometi_2016W-1500k.mp4", buf=0xe8001e20, size=16384, offset=0)
2016-12-23 20:37:55 : read(path="/Videos/movie/JoeLassiter_2016T-1500k.mp4", buf=0xe8001e20, size=16384, offset=0)
2016-12-23 20:37:55 : read(path="/Videos/movie/JuanEnriquez_2016T-1500k.mp4", buf=0xec001140, size=16384, offset=0)
2016-12-23 20:37:56 : read(path="/Videos/movie/StevenJohnson_2016V-1500k.mp4", buf=0xe4001ec0, size=16384, offset=0)
2016-12-23 20:37:56 : read(path="/Videos/movie/AdamGalinsky_2016X-1500k.mp4", buf=0xe8001e20, size=16384, offset=0)
2016-12-23 20:37:56 : read(path="/Videos/movie/AdamGalinsky_2016X-1500k.mp4", buf=0xe4001ec0, size=16384, offset=0)
2016-12-23 20:38:16 : read(path="/.bash_history", buf=0xec001900, size=8192, offset=0)
2016-12-23 20:38:16 : read(path="/.bash_logout", buf=0xe8001e20, size=4096, offset=0)
2016-12-23 20:38:16 : read(path="/.ICEauthority", buf=0xe4009f00, size=12288, offset=0)
2016-12-23 20:38:16 : read(path="/.Xauthority", buf=0xec001900, size=4096, offset=0)
2016-12-23 20:38:16 : read(path="/.dmrc", buf=0xec001900, size=4096, offset=0)
2016-12-23 20:38:16 : read(path="/.profile", buf=0xec001900, size=4096, offset=0)
2016-12-23 20:38:16 : read(path="/.bashrc", buf=0xec001900, size=4096, offset=0)
2016-12-23 20:38:16 : read(path="/.xsession-errors", buf=0xe8001e20, size=4096, offset=0)
2016-12-23 20:38:16 : read(path="/.viminfo", buf=0xe8001e20, size=4096, offset=0)
2016-12-23 20:38:16 : read(path="/examples.desktop", buf=0xe8001e20, size=12288, offset=0)
2016-12-23 20:38:16 : read(path="/sample.c", buf=0xe4001ec0, size=4096, offset=0)
2016-12-23 20:38:50 : read(path="/Videos/movie/StevenJohnson_2016V-1500k.mp4", buf=0xec001030, size=16384, offset=0)
2016-12-23 20:38:50 : read(path="/Videos/movie/StevenJohnson_2016V-1500k.mp4", buf=0xe8001e20, size=65536, offset=0)
2016-12-23 20:38:53 : read(path="/.bash_history", buf=0xe4001ec0, size=8192, offset=0)
2016-12-23 20:38:53 : read(path="/.bash_logout", buf=0xe4001ec0, size=4096, offset=0)
2016-12-23 20:38:53 : read(path="/.ICEauthority", buf=0xe4001ec0, size=12288, offset=0)
2016-12-23 20:38:53 : read(path="/.Xauthority", buf=0xe4001ec0, size=4096, offset=0)
2016-12-23 20:38:53 : read(path="/.dmrc", buf=0xec0095f0, size=4096, offset=0)
2016-12-23 20:38:53 : read(path="/.profile", buf=0xe8001e20, size=4096, offset=0)
2016-12-23 20:38:53 : read(path="/.bashrc", buf=0xe4001ec0, size=4096, offset=0)
2016-12-23 20:38:53 : read(path="/.xsession-errors", buf=0xe4001ec0, size=4096, offset=0)
2016-12-23 20:38:53 : read(path="/.viminfo", buf=0xec0095f0, size=4096, offset=0)
2016-12-23 20:39:11 : read(path="/Videos/movie/StevenJohnson_2016V-1500k.mp4", buf=0xe4001ec0, size=16384, offset=0)
2016-12-23 20:39:11 : read(path="/Videos/movie/StevenJohnson_2016V-1500k.mp4", buf=0xe8001e20, size=65536, offset=0)
2016-12-23 20:39:13 : read(path="/Videos/movie/StevenJohnson_2016V-1500k.mp4", buf=0xec001140, size=16384, offset=0)
2016-12-23 20:39:13 : read(path="/Videos/movie/StevenJohnson_2016V-1500k.mp4", buf=0xe4001ec0, size=65536, offset=0)
2016-12-23 20:39:13 : write(path="/Videos/StevenJohnson_2016V-1500k.mkv", buf=0xf49cd060, size=4096, offset=0)
############################################################


WLA FileSustem SUMMARY

Total Operation Count : 59
Total Read Count : 58
Total Write Count : 1
Total Transaction Byte : 141371622
Total Read Byte : 105533440
Total Write Byte : 35838182
Average Read Request Size : 1819542.068966
Average Write Request Size : 35838182.000000
ReadPercentage : 74.649663


WLA Filesystem Version 1.0
Ajou Univresity. HEERAK LIM(Rocky), lrocky1229@gmail.com

***********************************************************************************
readCount and writeCount do not mean just the count of read ans write function call
becasue system request one big file operation, fuse do it by deviding several chunk
the deviding byte size is following
read = 131072byte (32* 4096byte)
wrtie = 4096byte
2016, Rocky, Ajou University, lrocky1229@gmail.com
************************************************************************************
